[0.008s] Invoking command in '/home/shoe/Desktop/workspace/observability/build/observability_library': CMAKE_PREFIX_PATH=${CMAKE_PREFIX_PATH}:/opt/ros/jazzy DEBUGINFOD_URLS=https://debuginfod.ubuntu.com /usr/bin/cmake --build /home/shoe/Desktop/workspace/observability/build/observability_library -- -j20 -l20
[0.070s] [ 33%] [32mBuilding CXX object CMakeFiles/observability_library.dir/src/helpers/ProcStatReader.cpp.o[0m
[0.092s] [01m[K/home/shoe/Desktop/workspace/observability/src/observability_library/src/helpers/ProcStatReader.cpp:[m[K In member function â€˜[01m[Kvoid obs::ProcStatReader::[01;32m[Kupdate[m[K()[m[Kâ€™:
[0.092s] [01m[K/home/shoe/Desktop/workspace/observability/src/observability_library/src/helpers/ProcStatReader.cpp:61:9:[m[K [01;31m[Kerror: [m[Kâ€˜[01m[Kprintf[m[Kâ€™ was not declared in this scope
[0.092s]    61 |         [01;31m[Kprintf[m[K("Failed to read /proc/stat(m) files. Not initialized");
[0.093s]       |         [01;31m[K^~~~~~[m[K
[0.093s] [01m[K/home/shoe/Desktop/workspace/observability/src/observability_library/src/helpers/ProcStatReader.cpp:6:1:[m[K [01;36m[Knote: [m[Kâ€˜[01m[Kprintf[m[Kâ€™ is defined in header â€˜[01m[K<cstdio>[m[Kâ€™; did you forget to â€˜[01m[K#include <cstdio>[m[Kâ€™?
[0.093s]     5 | #include <unistd.h>
[0.093s]   +++ |+[32m[K#include <cstdio>[m[K
[0.093s]     6 | 
[0.094s] [01m[K/home/shoe/Desktop/workspace/observability/src/observability_library/src/helpers/ProcStatReader.cpp:68:9:[m[K [01;31m[Kerror: [m[Kâ€˜[01m[Kprintf[m[Kâ€™ was not declared in this scope
[0.094s]    68 |         [01;31m[Kprintf[m[K("Failed to read /proc/stat(m) files. Error code %i", ret_val);
[0.094s]       |         [01;31m[K^~~~~~[m[K
[0.094s] [01m[K/home/shoe/Desktop/workspace/observability/src/observability_library/src/helpers/ProcStatReader.cpp:68:9:[m[K [01;36m[Knote: [m[Kâ€˜[01m[Kprintf[m[Kâ€™ is defined in header â€˜[01m[K<cstdio>[m[Kâ€™; did you forget to â€˜[01m[K#include <cstdio>[m[Kâ€™?
[0.095s] [01m[K/home/shoe/Desktop/workspace/observability/src/observability_library/src/helpers/ProcStatReader.cpp:[m[K In member function â€˜[01m[Kint32_t obs::ProcStatReader::[01;32m[KreadStats[m[K()[m[Kâ€™:
[0.095s] [01m[K/home/shoe/Desktop/workspace/observability/src/observability_library/src/helpers/ProcStatReader.cpp:86:10:[m[K [01;31m[Kerror: [m[Kâ€˜[01m[Kcout[m[Kâ€™ is not a member of â€˜[01m[Kstd[m[Kâ€™
[0.095s]    86 |     std::[01;31m[Kcout[m[K << "time: " << unix_time_ms << std::endl;
[0.095s]       |          [01;31m[K^~~~[m[K
[0.096s] [01m[K/home/shoe/Desktop/workspace/observability/src/observability_library/src/helpers/ProcStatReader.cpp:6:1:[m[K [01;36m[Knote: [m[Kâ€˜[01m[Kstd::cout[m[Kâ€™ is defined in header â€˜[01m[K<iostream>[m[Kâ€™; did you forget to â€˜[01m[K#include <iostream>[m[Kâ€™?
[0.096s]     5 | #include <unistd.h>
[0.096s]   +++ |+[32m[K#include <iostream>[m[K
[0.097s]     6 | 
[0.097s] [01m[K/home/shoe/Desktop/workspace/observability/src/observability_library/src/helpers/ProcStatReader.cpp:86:51:[m[K [01;31m[Kerror: [m[Kâ€˜[01m[Kendl[m[Kâ€™ is not a member of â€˜[01m[Kstd[m[Kâ€™
[0.097s]    86 |     std::cout << "time: " << unix_time_ms << std::[01;31m[Kendl[m[K;
[0.097s]       |                                                   [01;31m[K^~~~[m[K
[0.097s] [01m[K/home/shoe/Desktop/workspace/observability/src/observability_library/src/helpers/ProcStatReader.cpp:6:1:[m[K [01;36m[Knote: [m[Kâ€˜[01m[Kstd::endl[m[Kâ€™ is defined in header â€˜[01m[K<ostream>[m[Kâ€™; did you forget to â€˜[01m[K#include <ostream>[m[Kâ€™?
[0.098s]     5 | #include <unistd.h>
[0.098s]   +++ |+[32m[K#include <ostream>[m[K
[0.098s]     6 | 
[0.098s] [01m[K/home/shoe/Desktop/workspace/observability/src/observability_library/src/helpers/ProcStatReader.cpp:87:10:[m[K [01;31m[Kerror: [m[Kâ€˜[01m[Kcout[m[Kâ€™ is not a member of â€˜[01m[Kstd[m[Kâ€™
[0.099s]    87 |     std::[01;31m[Kcout[m[K << "uptime msec: " << uptime_ms << std::endl;
[0.099s]       |          [01;31m[K^~~~[m[K
[0.099s] [01m[K/home/shoe/Desktop/workspace/observability/src/observability_library/src/helpers/ProcStatReader.cpp:87:10:[m[K [01;36m[Knote: [m[Kâ€˜[01m[Kstd::cout[m[Kâ€™ is defined in header â€˜[01m[K<iostream>[m[Kâ€™; did you forget to â€˜[01m[K#include <iostream>[m[Kâ€™?
[0.099s] [01m[K/home/shoe/Desktop/workspace/observability/src/observability_library/src/helpers/ProcStatReader.cpp:87:55:[m[K [01;31m[Kerror: [m[Kâ€˜[01m[Kendl[m[Kâ€™ is not a member of â€˜[01m[Kstd[m[Kâ€™
[0.100s]    87 |     std::cout << "uptime msec: " << uptime_ms << std::[01;31m[Kendl[m[K;
[0.100s]       |                                                       [01;31m[K^~~~[m[K
[0.100s] [01m[K/home/shoe/Desktop/workspace/observability/src/observability_library/src/helpers/ProcStatReader.cpp:87:55:[m[K [01;36m[Knote: [m[Kâ€˜[01m[Kstd::endl[m[Kâ€™ is defined in header â€˜[01m[K<ostream>[m[Kâ€™; did you forget to â€˜[01m[K#include <ostream>[m[Kâ€™?
[0.101s] [01m[K/home/shoe/Desktop/workspace/observability/src/observability_library/src/helpers/ProcStatReader.cpp:[m[K In static member function â€˜[01m[Kstatic int64_t obs::ProcStatReader::[01;32m[KgetUnixTimeMsec[m[K()[m[Kâ€™:
[0.101s] [01m[K/home/shoe/Desktop/workspace/observability/src/observability_library/src/helpers/ProcStatReader.cpp:108:23:[m[K [01;31m[Kerror: [m[Kâ€˜[01m[KCLOCK_REALTIME[m[Kâ€™ was not declared in this scope
[0.101s]   108 |     if (clock_gettime([01;31m[KCLOCK_REALTIME[m[K, &tms) != 0)
[0.101s]       |                       [01;31m[K^~~~~~~~~~~~~~[m[K
[0.101s] [01m[K/home/shoe/Desktop/workspace/observability/src/observability_library/src/helpers/ProcStatReader.cpp:108:9:[m[K [01;31m[Kerror: [m[Kâ€˜[01m[Kclock_gettime[m[Kâ€™ was not declared in this scope
[0.102s]   108 |     if ([01;31m[Kclock_gettime[m[K(CLOCK_REALTIME, &tms) != 0)
[0.102s]       |         [01;31m[K^~~~~~~~~~~~~[m[K
[0.102s] [01m[K/home/shoe/Desktop/workspace/observability/src/observability_library/src/helpers/ProcStatReader.cpp:[m[K In member function â€˜[01m[Kint64_t obs::ProcStatReader::[01;32m[KgetSystemUptimeMsec[m[K()[m[Kâ€™:
[0.102s] [01m[K/home/shoe/Desktop/workspace/observability/src/observability_library/src/helpers/ProcStatReader.cpp:138:29:[m[K [01;31m[Kerror: [m[Kâ€˜[01m[Katof[m[Kâ€™ was not declared in this scope
[0.102s]   138 |     const double uptime_s = [01;31m[Katof[m[K(m_proc_buffer);
[0.103s]       |                             [01;31m[K^~~~[m[K
[0.104s] [01m[K/home/shoe/Desktop/workspace/observability/src/observability_library/src/helpers/ProcStatReader.cpp:[m[K In member function â€˜[01m[Kint32_t obs::ProcStatReader::[01;32m[KparseBufferToValueArray[m[K(int32_t)[m[Kâ€™:
[0.104s] [01m[K/home/shoe/Desktop/workspace/observability/src/observability_library/src/helpers/ProcStatReader.cpp:266:36:[m[K [01;31m[Kerror: [m[Kâ€˜[01m[Katol[m[Kâ€™ was not declared in this scope
[0.104s]   266 |             const std::int64_t v = [01;31m[Katol[m[K(s);
[0.104s]       |                                    [01;31m[K^~~~[m[K
[0.104s] [01m[K/home/shoe/Desktop/workspace/observability/src/observability_library/src/helpers/ProcStatReader.cpp:296:9:[m[K [01;31m[Kerror: [m[Kâ€˜[01m[Kprintf[m[Kâ€™ was not declared in this scope
[0.105s]   296 |         [01;31m[Kprintf[m[K("expected %i values but got %i", max_read_values, value_pos);
[0.105s]       |         [01;31m[K^~~~~~[m[K
[0.105s] [01m[K/home/shoe/Desktop/workspace/observability/src/observability_library/src/helpers/ProcStatReader.cpp:296:9:[m[K [01;36m[Knote: [m[Kâ€˜[01m[Kprintf[m[Kâ€™ is defined in header â€˜[01m[K<cstdio>[m[Kâ€™; did you forget to â€˜[01m[K#include <cstdio>[m[Kâ€™?
[0.107s] gmake[2]: *** [CMakeFiles/observability_library.dir/build.make:76: CMakeFiles/observability_library.dir/src/helpers/ProcStatReader.cpp.o] Error 1
[0.107s] gmake[1]: *** [CMakeFiles/Makefile2:85: CMakeFiles/observability_library.dir/all] Error 2
[0.108s] gmake: *** [Makefile:146: all] Error 2
[0.111s] Invoked command in '/home/shoe/Desktop/workspace/observability/build/observability_library' returned '2': CMAKE_PREFIX_PATH=${CMAKE_PREFIX_PATH}:/opt/ros/jazzy DEBUGINFOD_URLS=https://debuginfod.ubuntu.com /usr/bin/cmake --build /home/shoe/Desktop/workspace/observability/build/observability_library -- -j20 -l20
